This is pdfTeX, Version 3.14159265-2.6-1.40.20 (TeX Live 2019/Debian) (preloaded format=pdflatex 2019.11.15)  12 DEC 2019 13:25
entering extended mode
 restricted \write18 enabled.
 %&-line parsing enabled.
**YouTubeVideoGuide.tex
(./YouTubeVideoGuide.tex
LaTeX2e <2018-12-01>
(/usr/share/texlive/texmf-dist/tex/latex/base/article.cls
Document Class: article 2018/09/03 v1.4i Standard LaTeX document class
(/usr/share/texlive/texmf-dist/tex/latex/base/size10.clo
File: size10.clo 2018/09/03 v1.4i Standard LaTeX file (size option)
)
\c@part=\count80
\c@section=\count81
\c@subsection=\count82
\c@subsubsection=\count83
\c@paragraph=\count84
\c@subparagraph=\count85
\c@figure=\count86
\c@table=\count87
\abovecaptionskip=\skip41
\belowcaptionskip=\skip42
\bibindent=\dimen102
)
(/usr/share/texlive/texmf-dist/tex/latex/graphics/graphicx.sty
Package: graphicx 2017/06/01 v1.1a Enhanced LaTeX Graphics (DPC,SPQR)

(/usr/share/texlive/texmf-dist/tex/latex/graphics/keyval.sty
Package: keyval 2014/10/28 v1.15 key=value parser (DPC)
\KV@toks@=\toks14
)
(/usr/share/texlive/texmf-dist/tex/latex/graphics/graphics.sty
Package: graphics 2017/06/25 v1.2c Standard LaTeX Graphics (DPC,SPQR)

(/usr/share/texlive/texmf-dist/tex/latex/graphics/trig.sty
Package: trig 2016/01/03 v1.10 sin cos tan (DPC)
)
(/usr/share/texlive/texmf-dist/tex/latex/graphics-cfg/graphics.cfg
File: graphics.cfg 2016/06/04 v1.11 sample graphics configuration
)
Package graphics Info: Driver file: pdftex.def on input line 99.

(/usr/share/texlive/texmf-dist/tex/latex/graphics-def/pdftex.def
File: pdftex.def 2018/01/08 v1.0l Graphics/color driver for pdftex
))
\Gin@req@height=\dimen103
\Gin@req@width=\dimen104
)
(/usr/share/texlive/texmf-dist/tex/latex/hyperref/hyperref.sty
Package: hyperref 2018/11/30 v6.88e Hypertext links for LaTeX

(/usr/share/texlive/texmf-dist/tex/generic/oberdiek/hobsub-hyperref.sty
Package: hobsub-hyperref 2016/05/16 v1.14 Bundle oberdiek, subset hyperref (HO)


(/usr/share/texlive/texmf-dist/tex/generic/oberdiek/hobsub-generic.sty
Package: hobsub-generic 2016/05/16 v1.14 Bundle oberdiek, subset generic (HO)
Package: hobsub 2016/05/16 v1.14 Construct package bundles (HO)
Package: infwarerr 2016/05/16 v1.4 Providing info/warning/error messages (HO)
Package: ltxcmds 2016/05/16 v1.23 LaTeX kernel commands for general use (HO)
Package: ifluatex 2016/05/16 v1.4 Provides the ifluatex switch (HO)
Package ifluatex Info: LuaTeX not detected.
Package: ifvtex 2016/05/16 v1.6 Detect VTeX and its facilities (HO)
Package ifvtex Info: VTeX not detected.
Package: intcalc 2016/05/16 v1.2 Expandable calculations with integers (HO)
Package: ifpdf 2018/09/07 v3.3 Provides the ifpdf switch
Package: etexcmds 2016/05/16 v1.6 Avoid name clashes with e-TeX commands (HO)
Package: kvsetkeys 2016/05/16 v1.17 Key value parser (HO)
Package: kvdefinekeys 2016/05/16 v1.4 Define keys (HO)
Package: pdftexcmds 2018/09/10 v0.29 Utility functions of pdfTeX for LuaTeX (HO
)
Package pdftexcmds Info: LuaTeX not detected.
Package pdftexcmds Info: \pdf@primitive is available.
Package pdftexcmds Info: \pdf@ifprimitive is available.
Package pdftexcmds Info: \pdfdraftmode found.
Package: pdfescape 2016/05/16 v1.14 Implements pdfTeX's escape features (HO)
Package: bigintcalc 2016/05/16 v1.4 Expandable calculations on big integers (HO
)
Package: bitset 2016/05/16 v1.2 Handle bit-vector datatype (HO)
Package: uniquecounter 2016/05/16 v1.3 Provide unlimited unique counter (HO)
)
Package hobsub Info: Skipping package `hobsub' (already loaded).
Package: letltxmacro 2016/05/16 v1.5 Let assignment for LaTeX macros (HO)
Package: hopatch 2016/05/16 v1.3 Wrapper for package hooks (HO)
Package: xcolor-patch 2016/05/16 xcolor patch
Package: atveryend 2016/05/16 v1.9 Hooks at the very end of document (HO)
Package atveryend Info: \enddocument detected (standard20110627).
Package: atbegshi 2016/06/09 v1.18 At begin shipout hook (HO)
Package: refcount 2016/05/16 v3.5 Data extraction from label references (HO)
Package: hycolor 2016/05/16 v1.8 Color options for hyperref/bookmark (HO)
)
(/usr/share/texlive/texmf-dist/tex/generic/ifxetex/ifxetex.sty
Package: ifxetex 2010/09/12 v0.6 Provides ifxetex conditional
)
(/usr/share/texlive/texmf-dist/tex/latex/oberdiek/auxhook.sty
Package: auxhook 2016/05/16 v1.4 Hooks for auxiliary files (HO)
)
(/usr/share/texlive/texmf-dist/tex/latex/oberdiek/kvoptions.sty
Package: kvoptions 2016/05/16 v3.12 Key value format for package options (HO)
)
\@linkdim=\dimen105
\Hy@linkcounter=\count88
\Hy@pagecounter=\count89

(/usr/share/texlive/texmf-dist/tex/latex/hyperref/pd1enc.def
File: pd1enc.def 2018/11/30 v6.88e Hyperref: PDFDocEncoding definition (HO)
Now handling font encoding PD1 ...
... no UTF-8 mapping file for font encoding PD1
)
\Hy@SavedSpaceFactor=\count90

(/usr/share/texlive/texmf-dist/tex/latex/latexconfig/hyperref.cfg
File: hyperref.cfg 2002/06/06 v1.2 hyperref configuration of TeXLive
)
Package hyperref Info: Hyper figures OFF on input line 4519.
Package hyperref Info: Link nesting OFF on input line 4524.
Package hyperref Info: Hyper index ON on input line 4527.
Package hyperref Info: Plain pages OFF on input line 4534.
Package hyperref Info: Backreferencing OFF on input line 4539.
Package hyperref Info: Implicit mode ON; LaTeX internals redefined.
Package hyperref Info: Bookmarks ON on input line 4772.
\c@Hy@tempcnt=\count91

(/usr/share/texlive/texmf-dist/tex/latex/url/url.sty
\Urlmuskip=\muskip10
Package: url 2013/09/16  ver 3.4  Verb mode for urls, etc.
)
LaTeX Info: Redefining \url on input line 5125.
\XeTeXLinkMargin=\dimen106
\Fld@menulength=\count92
\Field@Width=\dimen107
\Fld@charsize=\dimen108
Package hyperref Info: Hyper figures OFF on input line 6380.
Package hyperref Info: Link nesting OFF on input line 6385.
Package hyperref Info: Hyper index ON on input line 6388.
Package hyperref Info: backreferencing OFF on input line 6395.
Package hyperref Info: Link coloring OFF on input line 6400.
Package hyperref Info: Link coloring with OCG OFF on input line 6405.
Package hyperref Info: PDF/A mode OFF on input line 6410.
LaTeX Info: Redefining \ref on input line 6450.
LaTeX Info: Redefining \pageref on input line 6454.
\Hy@abspage=\count93
\c@Item=\count94
\c@Hfootnote=\count95
)
Package hyperref Info: Driver (autodetected): hpdftex.

(/usr/share/texlive/texmf-dist/tex/latex/hyperref/hpdftex.def
File: hpdftex.def 2018/11/30 v6.88e Hyperref driver for pdfTeX
\Fld@listcount=\count96
\c@bookmark@seq@number=\count97

(/usr/share/texlive/texmf-dist/tex/latex/oberdiek/rerunfilecheck.sty
Package: rerunfilecheck 2016/05/16 v1.8 Rerun checks for auxiliary files (HO)
Package uniquecounter Info: New unique counter `rerunfilecheck' on input line 2
82.
)
\Hy@SectionHShift=\skip43
)
Package hyperref Info: Option `colorlinks' set `true' on input line 11.

(/usr/share/texlive/texmf-dist/tex/latex/geometry/geometry.sty
Package: geometry 2018/04/16 v5.8 Page Geometry
\Gm@cnth=\count98
\Gm@cntv=\count99
\c@Gm@tempcnt=\count100
\Gm@bindingoffset=\dimen109
\Gm@wd@mp=\dimen110
\Gm@odd@mp=\dimen111
\Gm@even@mp=\dimen112
\Gm@layoutwidth=\dimen113
\Gm@layoutheight=\dimen114
\Gm@layouthoffset=\dimen115
\Gm@layoutvoffset=\dimen116
\Gm@dimlist=\toks15
)
(./YouTubeVideoGuide.aux)
\openout1 = `YouTubeVideoGuide.aux'.

LaTeX Font Info:    Checking defaults for OML/cmm/m/it on input line 17.
LaTeX Font Info:    ... okay on input line 17.
LaTeX Font Info:    Checking defaults for T1/cmr/m/n on input line 17.
LaTeX Font Info:    ... okay on input line 17.
LaTeX Font Info:    Checking defaults for OT1/cmr/m/n on input line 17.
LaTeX Font Info:    ... okay on input line 17.
LaTeX Font Info:    Checking defaults for OMS/cmsy/m/n on input line 17.
LaTeX Font Info:    ... okay on input line 17.
LaTeX Font Info:    Checking defaults for OMX/cmex/m/n on input line 17.
LaTeX Font Info:    ... okay on input line 17.
LaTeX Font Info:    Checking defaults for U/cmr/m/n on input line 17.
LaTeX Font Info:    ... okay on input line 17.
LaTeX Font Info:    Checking defaults for PD1/pdf/m/n on input line 17.
LaTeX Font Info:    ... okay on input line 17.

(/usr/share/texlive/texmf-dist/tex/context/base/mkii/supp-pdf.mkii
[Loading MPS to PDF converter (version 2006.09.02).]
\scratchcounter=\count101
\scratchdimen=\dimen117
\scratchbox=\box27
\nofMPsegments=\count102
\nofMParguments=\count103
\everyMPshowfont=\toks16
\MPscratchCnt=\count104
\MPscratchDim=\dimen118
\MPnumerator=\count105
\makeMPintoPDFobject=\count106
\everyMPtoPDFconversion=\toks17
) (/usr/share/texlive/texmf-dist/tex/latex/oberdiek/epstopdf-base.sty
Package: epstopdf-base 2016/05/15 v2.6 Base part for package epstopdf

(/usr/share/texlive/texmf-dist/tex/latex/oberdiek/grfext.sty
Package: grfext 2016/05/16 v1.2 Manage graphics extensions (HO)
)
Package epstopdf-base Info: Redefining graphics rule for `.eps' on input line 4
38.
Package grfext Info: Graphics extension search list:
(grfext)             [.pdf,.png,.jpg,.mps,.jpeg,.jbig2,.jb2,.PDF,.PNG,.JPG,.JPE
G,.JBIG2,.JB2,.eps]
(grfext)             \AppendGraphicsExtensions on input line 456.

(/usr/share/texlive/texmf-dist/tex/latex/latexconfig/epstopdf-sys.cfg
File: epstopdf-sys.cfg 2010/07/13 v1.3 Configuration of (r)epstopdf for TeX Liv
e
))
\AtBeginShipoutBox=\box28

(/usr/share/texlive/texmf-dist/tex/latex/graphics/color.sty
Package: color 2016/07/10 v1.1e Standard LaTeX Color (DPC)

(/usr/share/texlive/texmf-dist/tex/latex/graphics-cfg/color.cfg
File: color.cfg 2016/01/02 v1.6 sample color configuration
)
Package color Info: Driver file: pdftex.def on input line 147.
)
Package hyperref Info: Link coloring ON on input line 17.

(/usr/share/texlive/texmf-dist/tex/latex/hyperref/nameref.sty
Package: nameref 2016/05/21 v2.44 Cross-referencing by name of section

(/usr/share/texlive/texmf-dist/tex/generic/oberdiek/gettitlestring.sty
Package: gettitlestring 2016/05/16 v1.5 Cleanup title references (HO)
)
\c@section@level=\count107
)
LaTeX Info: Redefining \ref on input line 17.
LaTeX Info: Redefining \pageref on input line 17.
LaTeX Info: Redefining \nameref on input line 17.

(./YouTubeVideoGuide.out) (./YouTubeVideoGuide.out)
\@outlinefile=\write3
\openout3 = `YouTubeVideoGuide.out'.


*geometry* driver: auto-detecting
*geometry* detected driver: pdftex
*geometry* verbose mode - [ preamble ] result:
* driver: pdftex
* paper: <default>
* layout: <same size as paper>
* layoutoffset:(h,v)=(0.0pt,0.0pt)
* modes: 
* h-part:(L,W,R)=(56.9055pt, 500.484pt, 56.9055pt)
* v-part:(T,H,B)=(56.9055pt, 681.15898pt, 56.9055pt)
* \paperwidth=614.295pt
* \paperheight=794.96999pt
* \textwidth=500.484pt
* \textheight=681.15898pt
* \oddsidemargin=-15.36449pt
* \evensidemargin=-15.36449pt
* \topmargin=-52.36449pt
* \headheight=12.0pt
* \headsep=25.0pt
* \topskip=10.0pt
* \footskip=30.0pt
* \marginparwidth=65.0pt
* \marginparsep=11.0pt
* \columnsep=10.0pt
* \skip\footins=9.0pt plus 4.0pt minus 2.0pt
* \hoffset=0.0pt
* \voffset=0.0pt
* \mag=1000
* \@twocolumnfalse
* \@twosidefalse
* \@mparswitchfalse
* \@reversemarginfalse
* (1in=72.27pt=25.4mm, 1cm=28.453pt)

LaTeX Font Info:    External font `cmex10' loaded for size
(Font)              <12> on input line 19.
LaTeX Font Info:    External font `cmex10' loaded for size
(Font)              <8> on input line 19.
LaTeX Font Info:    External font `cmex10' loaded for size
(Font)              <6> on input line 19.
LaTeX Font Info:    External font `cmex10' loaded for size
(Font)              <7> on input line 22.
LaTeX Font Info:    External font `cmex10' loaded for size
(Font)              <5> on input line 22.
(./YouTubeVideoGuide.toc)
\tf@toc=\write4
\openout4 = `YouTubeVideoGuide.toc'.

 [1

{/var/lib/texmf/fonts/map/pdftex/updmap/pdftex.map}]

Package hyperref Warning: Token not allowed in a PDF string (PDFDocEncoding):
(hyperref)                removing `\\' on input line 30.


Underfull \hbox (badness 10000) in paragraph at lines 43--44

 []

<youTubeUploadButton.png, id=63, 1143.0705pt x 90.3375pt>
File: youTubeUploadButton.png Graphic file (type png)
<use youTubeUploadButton.png>
Package pdftex.def Info: youTubeUploadButton.png  used on input line 48.
(pdftex.def)             Requested size: 500.484pt x 39.55287pt.
[2 <./youTubeUploadButton.png>]
<selectFile.png, id=73, 715.473pt x 464.937pt>
File: selectFile.png Graphic file (type png)
<use selectFile.png>
Package pdftex.def Info: selectFile.png  used on input line 57.
(pdftex.def)             Requested size: 500.484pt x 325.22665pt.
 [3 <./selectFile.png>]
<uploadedVideoTitleDescription.png, id=81, 710.05275pt x 430.0065pt>
File: uploadedVideoTitleDescription.png Graphic file (type png)
<use uploadedVideoTitleDescription.png>
Package pdftex.def Info: uploadedVideoTitleDescription.png  used on input line 
69.
(pdftex.def)             Requested size: 500.484pt x 303.09557pt.
 [4 <./uploadedVideoTitleDescription.png>]
<audienceMoreOptions.png, id=89, 724.7075pt x 447.6725pt>
File: audienceMoreOptions.png Graphic file (type png)
<use audienceMoreOptions.png>
Package pdftex.def Info: audienceMoreOptions.png  used on input line 79.
(pdftex.def)             Requested size: 500.484pt x 309.16759pt.
 [5 <./audienceMoreOptions.png>]
<tagsList.png, id=97, 436.63126pt x 147.55125pt>
File: tagsList.png Graphic file (type png)
<use tagsList.png>
Package pdftex.def Info: tagsList.png  used on input line 88.
(pdftex.def)             Requested size: 500.484pt x 169.131pt.
 [6 <./tagsList.png>]
<publishVisibility.png, id=105, 428.19975pt x 340.27126pt>
File: publishVisibility.png Graphic file (type png)
<use publishVisibility.png>
Package pdftex.def Info: publishVisibility.png  used on input line 98.
(pdftex.def)             Requested size: 500.484pt x 397.72116pt.
 [7 <./publishVisibility.png>]
<studioHomePage.png, id=114, 1156.32pt x 542.62724pt>
File: studioHomePage.png Graphic file (type png)
<use studioHomePage.png>
Package pdftex.def Info: studioHomePage.png  used on input line 110.
(pdftex.def)             Requested size: 500.484pt x 234.85693pt.
 [8 <./studioHomePage.png>]
<videoDetails.png, id=122, 576.9555pt x 514.3215pt>
File: videoDetails.png Graphic file (type png)
<use videoDetails.png>
Package pdftex.def Info: videoDetails.png  used on input line 122.
(pdftex.def)             Requested size: 500.484pt x 446.1612pt.
 [9 <./videoDetails.png>]
<editingPage.png, id=130, 1849.91125pt x 956.57375pt>
File: editingPage.png Graphic file (type png)
<use editingPage.png>
Package pdftex.def Info: editingPage.png  used on input line 132.
(pdftex.def)             Requested size: 500.484pt x 258.78923pt.

[10 <./editingPage.png>]
<trimPage.png, id=139, 1595.9625pt x 504.88625pt>
File: trimPage.png Graphic file (type png)
<use trimPage.png>
Package pdftex.def Info: trimPage.png  used on input line 142.
(pdftex.def)             Requested size: 500.484pt x 158.33124pt.
<postTrim.png, id=140, 1600.98125pt x 506.89375pt>
File: postTrim.png Graphic file (type png)
<use postTrim.png>
Package pdftex.def Info: postTrim.png  used on input line 148.
(pdftex.def)             Requested size: 500.484pt x 158.45804pt.


LaTeX Warning: Command \textcircled invalid in math mode on input line 149.

LaTeX Font Info:    Try loading font information for OMS+cmr on input line 149.

(/usr/share/texlive/texmf-dist/tex/latex/base/omscmr.fd
File: omscmr.fd 2014/09/29 v2.5h Standard LaTeX font definitions
)
LaTeX Font Info:    Font shape `OMS/cmr/m/n' in size <10> not available
(Font)              Font shape `OMS/cmsy/m/n' tried instead on input line 149.


LaTeX Warning: Command \textcircled invalid in math mode on input line 149.


LaTeX Warning: Command \textcircled invalid in math mode on input line 149.


LaTeX Warning: Command \textcircled invalid in math mode on input line 149.

[11 <./trimPage.png> <./postTrim.png>] [12]

Package hyperref Warning: Token not allowed in a PDF string (PDFDocEncoding):
(hyperref)                removing `\\' on input line 163.

File: videoDetails.png Graphic file (type png)
<use videoDetails.png>
Package pdftex.def Info: videoDetails.png  used on input line 172.
(pdftex.def)             Requested size: 350.33727pt x 312.30734pt.
[13]
Package atveryend Info: Empty hook `BeforeClearDocument' on input line 186.
 [14]
Package atveryend Info: Empty hook `AfterLastShipout' on input line 186.
 (./YouTubeVideoGuide.aux)
Package atveryend Info: Executing hook `AtVeryEndDocument' on input line 186.
Package atveryend Info: Executing hook `AtEndAfterFileList' on input line 186.
Package rerunfilecheck Info: File `YouTubeVideoGuide.out' has not changed.
(rerunfilecheck)             Checksum: 7384D18FEA2C46A371B459311D1A5DA9;544.
Package atveryend Info: Empty hook `AtVeryVeryEnd' on input line 186.
 ) 
Here is how much of TeX's memory you used:
 5611 strings out of 492609
 83449 string characters out of 6131461
 181289 words of memory out of 5000000
 9460 multiletter control sequences out of 15000+600000
 8548 words of font info for 30 fonts, out of 8000000 for 9000
 1141 hyphenation exceptions out of 8191
 28i,10n,32p,922b,320s stack positions out of 5000i,500n,10000p,200000b,80000s
</usr/share/texlive/texmf-dist/fonts/type1/public/amsfonts/cm/cmbx10.pfb></us
r/share/texlive/texmf-dist/fonts/type1/public/amsfonts/cm/cmbx12.pfb></usr/shar
e/texlive/texmf-dist/fonts/type1/public/amsfonts/cm/cmr10.pfb></usr/share/texli
ve/texmf-dist/fonts/type1/public/amsfonts/cm/cmr12.pfb></usr/share/texlive/texm
f-dist/fonts/type1/public/amsfonts/cm/cmr17.pfb></usr/share/texlive/texmf-dist/
fonts/type1/public/amsfonts/cm/cmr6.pfb></usr/share/texlive/texmf-dist/fonts/ty
pe1/public/amsfonts/cm/cmr7.pfb></usr/share/texlive/texmf-dist/fonts/type1/publ
ic/amsfonts/cm/cmr8.pfb></usr/share/texlive/texmf-dist/fonts/type1/public/amsfo
nts/cm/cmsy10.pfb></usr/share/texlive/texmf-dist/fonts/type1/public/amsfonts/cm
/cmti10.pfb>
Output written on YouTubeVideoGuide.pdf (14 pages, 1973060 bytes).
PDF statistics:
 216 PDF objects out of 1000 (max. 8388607)
 167 compressed objects within 2 object streams
 37 named destinations out of 1000 (max. 500000)
 120 words of extra memory for PDF output out of 10000 (max. 10000000)

