\BOOKMARK [0][-]{chapter*.1}{ACKNOWLEDGEMENTS}{}% 1
\BOOKMARK [0][-]{chapter*.3}{LIST OF TABLES}{}% 2
\BOOKMARK [0][-]{chapter*.4}{LIST OF FIGURES}{}% 3
\BOOKMARK [0][-]{chapter*.5}{LIST OF OBJECTS}{}% 4
\BOOKMARK [0][-]{section*.6}{ABSTRACT}{}% 5
\BOOKMARK [0][-]{chapter.7}{INTRODUCTION and opening remarks}{}% 6
\BOOKMARK [1][-]{section.10}{The Section Command Text Should Be in Title Case}{chapter.7}% 7
\BOOKMARK [2][-]{subsection.11}{Subsection Commands Are Also in Title Case}{section.10}% 8
\BOOKMARK [2][-]{subsection.14}{I Need Another Second Level Heading in This Section}{section.10}% 9
\BOOKMARK [0][-]{chapter.17}{LITERATURE REVIEW}{}% 10
\BOOKMARK [1][-]{section.18}{Dolor Sit Amet}{chapter.17}% 11
\BOOKMARK [2][-]{subsection.21}{Platea Dictumst}{section.18}% 12
\BOOKMARK [1][-]{section.22}{Ex id ullamcorper commodo}{chapter.17}% 13
\BOOKMARK [0][-]{chapter.23}{MATERIALS ANS METHODS}{}% 14
\BOOKMARK [1][-]{section.24}{Consectetur Adipiscing Elit}{chapter.23}% 15
\BOOKMARK [2][-]{subsection.25}{This Is an Isolated Heading}{section.24}% 16
\BOOKMARK [1][-]{section.26}{Augue sapien mattis leo}{chapter.23}% 17
\BOOKMARK [0][-]{chapter.27}{EXAMPLES OF EDITOR/Author TOOLS, TABLES, AND IMAGES}{}% 18
\BOOKMARK [1][-]{section.28}{Example of using the authorRemark and editorRemark}{chapter.27}% 19
\BOOKMARK [1][-]{section.29}{Table Examples}{chapter.27}% 20
\BOOKMARK [1][-]{section.32}{Very Long Tables}{chapter.27}% 21
\BOOKMARK [1][-]{section.37}{Examples of Adding Graphics}{chapter.27}% 22
\BOOKMARK [1][-]{section.40}{A Note On Graphics}{chapter.27}% 23
\BOOKMARK [0][-]{chapter.41}{SUMMARY AND CONCLUSIONS}{}% 24
\BOOKMARK [1][-]{section.42}{Non Porttitor Tellus}{chapter.41}% 25
\BOOKMARK [2][-]{subsection.43}{Nam Arcu Magna}{section.42}% 26
\BOOKMARK [0][-]{chapter.46}{Some Additional Material}{}% 27
\BOOKMARK [0][-]{chapter.47}{Secondary Appendix Content}{}% 28
\BOOKMARK [0][-]{chapter.48}{Expert Opinions}{}% 29
\BOOKMARK [0][-]{section*.49}{REFERENCES}{}% 30
\BOOKMARK [0][-]{chapter*.51}{BIOGRAPHICAL SKETCH}{}% 31
